{
  "stats": {
    "suites": 1,
    "tests": 1,
    "passes": 0,
    "pending": 0,
    "failures": 1,
    "start": "2021-03-01T12:14:03.550Z",
    "end": "2021-03-01T12:14:04.586Z",
    "duration": 1036,
    "testsRegistered": 1,
    "passPercent": 0,
    "pendingPercent": 0,
    "other": 0,
    "hasOther": false,
    "skipped": 0,
    "hasSkipped": false
  },
  "results": [
    {
      "uuid": "93c3a331-5429-47f5-a811-a1a16d706b94",
      "title": "",
      "fullFile": "cypress\\integration\\fileupload.spec.ts",
      "file": "cypress\\integration\\fileupload.spec.ts",
      "beforeHooks": [],
      "afterHooks": [],
      "tests": [],
      "suites": [
        {
          "uuid": "66d713b5-43b5-455c-aa20-5b68720a025e",
          "title": "file upload tests",
          "fullFile": "",
          "file": "",
          "beforeHooks": [],
          "afterHooks": [],
          "tests": [
            {
              "title": "file upload demo",
              "fullTitle": "file upload tests file upload demo",
              "timedOut": null,
              "duration": 967,
              "state": "failed",
              "speed": null,
              "pass": false,
              "fail": true,
              "pending": false,
              "context": "{\n  \"title\": \"Failed screenshot\",\n  \"value\": \"screenshots\\\\fileupload.spec.ts\\\\file upload tests -- file upload demo (failed).png\"\n}",
              "code": "cy.visit('https://filebin.net/');\ncy.get('[id=\"fileField\"]').attachFile('photo.png');",
              "err": {
                "message": "CypressError: `cy.visit()` failed trying to load:\n\nhttps://filebin.net/\n\nThe response we received from your web server was:\n\n  > 503: Service Unavailable\n\nThis was considered a failure because the status code was not `2xx`.\n\nIf you do not want status codes to cause failures pass the option: `failOnStatusCode: false`",
                "estack": "CypressError: `cy.visit()` failed trying to load:\n\nhttps://filebin.net/\n\nThe response we received from your web server was:\n\n  > 503: Service Unavailable\n\nThis was considered a failure because the status code was not `2xx`.\n\nIf you do not want status codes to cause failures pass the option: `failOnStatusCode: false`\n    at http://localhost:65361/__cypress/runner/cypress_runner.js:159060:25\n    at visitFailedByErr (http://localhost:65361/__cypress/runner/cypress_runner.js:158436:12)\n    at http://localhost:65361/__cypress/runner/cypress_runner.js:159040:13\n    at tryCatcher (http://localhost:65361/__cypress/runner/cypress_runner.js:10765:23)\n    at Promise._settlePromiseFromHandler (http://localhost:65361/__cypress/runner/cypress_runner.js:8700:31)\n    at Promise._settlePromise (http://localhost:65361/__cypress/runner/cypress_runner.js:8757:18)\n    at Promise._settlePromise0 (http://localhost:65361/__cypress/runner/cypress_runner.js:8802:10)\n    at Promise._settlePromises (http://localhost:65361/__cypress/runner/cypress_runner.js:8878:18)\n    at _drainQueueStep (http://localhost:65361/__cypress/runner/cypress_runner.js:5472:12)\n    at _drainQueue (http://localhost:65361/__cypress/runner/cypress_runner.js:5465:9)\n    at Async.../../node_modules/bluebird/js/release/async.js.Async._drainQueues (http://localhost:65361/__cypress/runner/cypress_runner.js:5481:5)\n    at Async.drainQueues (http://localhost:65361/__cypress/runner/cypress_runner.js:5351:14)\nFrom Your Spec Code:\n    at Context.eval (http://localhost:65361/__cypress/tests?p=cypress\\integration\\fileupload.spec.ts:100:12)",
                "diff": null
              },
              "uuid": "861c77db-f136-46e0-8daa-943d1a1ee4da",
              "parentUUID": "66d713b5-43b5-455c-aa20-5b68720a025e",
              "isHook": false,
              "skipped": false
            }
          ],
          "suites": [],
          "passes": [],
          "failures": [
            "861c77db-f136-46e0-8daa-943d1a1ee4da"
          ],
          "pending": [],
          "skipped": [],
          "duration": 967,
          "root": false,
          "rootEmpty": false,
          "_timeout": 2000
        }
      ],
      "passes": [],
      "failures": [],
      "pending": [],
      "skipped": [],
      "duration": 0,
      "root": true,
      "rootEmpty": true,
      "_timeout": 2000
    }
  ],
  "meta": {
    "mocha": {
      "version": "7.0.1"
    },
    "mochawesome": {
      "options": {
        "quiet": false,
        "reportFilename": "mochawesome",
        "saveHtml": false,
        "saveJson": true,
        "consoleReporter": "spec",
        "useInlineDiffs": false,
        "code": true
      },
      "version": "6.2.2"
    },
    "marge": {
      "options": {
        "reportDir": "cypress/results/json",
        "overwrite": false,
        "html": false,
        "json": true
      },
      "version": "5.2.0"
    }
  }
}