{
  "stats": {
    "suites": 0,
    "tests": 1,
    "passes": 1,
    "pending": 0,
    "failures": 0,
    "start": "2021-03-01T12:16:00.628Z",
    "end": "2021-03-01T12:16:09.376Z",
    "duration": 8748,
    "testsRegistered": 1,
    "passPercent": 100,
    "pendingPercent": 0,
    "other": 0,
    "hasOther": false,
    "skipped": 0,
    "hasSkipped": false
  },
  "results": [
    {
      "uuid": "3f8ac12b-064c-486b-a6ee-d3e2f05dd673",
      "title": "",
      "fullFile": "cypress\\integration\\assertions.ts",
      "file": "cypress\\integration\\assertions.ts",
      "beforeHooks": [],
      "afterHooks": [],
      "tests": [
        {
          "title": "learning assertions",
          "fullTitle": "learning assertions",
          "timedOut": null,
          "duration": 854,
          "state": "passed",
          "speed": "slow",
          "pass": true,
          "fail": false,
          "pending": false,
          "context": null,
          "code": "cy.visit('https://example.cypress.io/');\ncy.contains('get').click();\ncy.get('#query-btn')\n    .should('contain', 'Button')\n    .should('have.class', 'query-btn')\n    .should('be.visible')\n    .should('be.enabled');\ncy.get('#query-btn').invoke('attr', 'id')\n    .should('equal', 'query-btn');\ncy.get('#query-btn')\n    .should('contain', 'Button')\n    .and('have.class', 'query-btn');\n// Explicit assertions\n// expect\nexpect(true).to.be.true;\nvar name = 'Raghav';\nexpect(name).to.be.equal('Raghav');\n// assert\nassert.equal(4, 4, 'Not Equal');\nassert.strictEqual(4, 4, 'Not Strictly Equal');",
          "err": {},
          "uuid": "6ef3c0ce-866f-46e4-8307-5502f9c37298",
          "parentUUID": "3f8ac12b-064c-486b-a6ee-d3e2f05dd673",
          "isHook": false,
          "skipped": false
        }
      ],
      "suites": [],
      "passes": [
        "6ef3c0ce-866f-46e4-8307-5502f9c37298"
      ],
      "failures": [],
      "pending": [],
      "skipped": [],
      "duration": 854,
      "root": true,
      "rootEmpty": false,
      "_timeout": 2000
    }
  ],
  "meta": {
    "mocha": {
      "version": "7.0.1"
    },
    "mochawesome": {
      "options": {
        "quiet": false,
        "reportFilename": "mochawesome",
        "saveHtml": false,
        "saveJson": true,
        "consoleReporter": "spec",
        "useInlineDiffs": false,
        "code": true
      },
      "version": "6.2.2"
    },
    "marge": {
      "options": {
        "reportDir": "cypress/results/json",
        "overwrite": false,
        "html": false,
        "json": true
      },
      "version": "5.2.0"
    }
  }
}