{
  "stats": {
    "suites": 0,
    "tests": 1,
    "passes": 1,
    "pending": 0,
    "failures": 0,
    "start": "2021-03-01T12:16:22.792Z",
    "end": "2021-03-01T12:16:30.504Z",
    "duration": 7712,
    "testsRegistered": 1,
    "passPercent": 100,
    "pendingPercent": 0,
    "other": 0,
    "hasOther": false,
    "skipped": 0,
    "hasSkipped": false
  },
  "results": [
    {
      "uuid": "06c0364c-99b1-40b9-917a-5de60c125703",
      "title": "",
      "fullFile": "cypress\\integration\\basic.ts",
      "file": "cypress\\integration\\basic.ts",
      "beforeHooks": [],
      "afterHooks": [],
      "tests": [
        {
          "title": "learning assertions",
          "fullTitle": "learning assertions",
          "timedOut": null,
          "duration": 564,
          "state": "passed",
          "speed": "slow",
          "pass": true,
          "fail": false,
          "pending": false,
          "context": null,
          "code": "cy.visit('https://example.cypress.io/commands/querying');\n// cy.get(':nth-child(4) > .row > .col-xs-12 > .home-list > :nth-child(1) > :nth-child(1)')\ncy.get('#query-btn').should('contain', 'Button');\ncy.get('#query-btn').should('have.id', 'query-btn');\ncy.get('[data-test-id=\"test-example\"]')\n    .invoke('attr', 'data-test-id')\n    .should('equal', 'test-example');\ncy.get('[data-test-id=\"test-example\"]')\n    .invoke('css', 'position')\n    .should('equal', 'static');\ncy.get('[data-test-id=\"test-example\"]')\n    .should('have.attr', 'data-test-id', 'test-example')\n    .and('have.css', 'position', 'static');",
          "err": {},
          "uuid": "ab85566d-5442-41ee-9da9-df965640c7a5",
          "parentUUID": "06c0364c-99b1-40b9-917a-5de60c125703",
          "isHook": false,
          "skipped": false
        }
      ],
      "suites": [],
      "passes": [
        "ab85566d-5442-41ee-9da9-df965640c7a5"
      ],
      "failures": [],
      "pending": [],
      "skipped": [],
      "duration": 564,
      "root": true,
      "rootEmpty": false,
      "_timeout": 2000
    }
  ],
  "meta": {
    "mocha": {
      "version": "7.0.1"
    },
    "mochawesome": {
      "options": {
        "quiet": false,
        "reportFilename": "mochawesome",
        "saveHtml": false,
        "saveJson": true,
        "consoleReporter": "spec",
        "useInlineDiffs": false,
        "code": true
      },
      "version": "6.2.2"
    },
    "marge": {
      "options": {
        "reportDir": "cypress/results/json",
        "overwrite": false,
        "html": false,
        "json": true
      },
      "version": "5.2.0"
    }
  }
}