{
  "stats": {
    "suites": 1,
    "tests": 1,
    "passes": 1,
    "pending": 0,
    "failures": 0,
    "start": "2021-03-01T12:16:43.114Z",
    "end": "2021-03-01T12:16:43.266Z",
    "duration": 152,
    "testsRegistered": 1,
    "passPercent": 100,
    "pendingPercent": 0,
    "other": 0,
    "hasOther": false,
    "skipped": 0,
    "hasSkipped": false
  },
  "results": [
    {
      "uuid": "3a96814f-da05-48fe-bce9-6907bf54526e",
      "title": "",
      "fullFile": "cypress\\integration\\filedownload.spec.ts",
      "file": "cypress\\integration\\filedownload.spec.ts",
      "beforeHooks": [],
      "afterHooks": [],
      "tests": [],
      "suites": [
        {
          "uuid": "43e8f0ec-bb8d-4bb5-a28f-9c5c19913d50",
          "title": "file download tests",
          "fullFile": "",
          "file": "",
          "beforeHooks": [],
          "afterHooks": [],
          "tests": [
            {
              "title": "file download demo",
              "fullTitle": "file download tests file download demo",
              "timedOut": null,
              "duration": 135,
              "state": "passed",
              "speed": "slow",
              "pass": true,
              "fail": false,
              "pending": false,
              "context": null,
              "code": "cy.downloadFile('https://upload.wikimedia.org/wikipedia/en/a/a9/Example.jpg', 'mydownloads', 'sample.jpg');",
              "err": {},
              "uuid": "99a39f2b-99c4-499d-a6db-6d64b63a4da3",
              "parentUUID": "43e8f0ec-bb8d-4bb5-a28f-9c5c19913d50",
              "isHook": false,
              "skipped": false
            }
          ],
          "suites": [],
          "passes": [
            "99a39f2b-99c4-499d-a6db-6d64b63a4da3"
          ],
          "failures": [],
          "pending": [],
          "skipped": [],
          "duration": 135,
          "root": false,
          "rootEmpty": false,
          "_timeout": 2000
        }
      ],
      "passes": [],
      "failures": [],
      "pending": [],
      "skipped": [],
      "duration": 0,
      "root": true,
      "rootEmpty": true,
      "_timeout": 2000
    }
  ],
  "meta": {
    "mocha": {
      "version": "7.0.1"
    },
    "mochawesome": {
      "options": {
        "quiet": false,
        "reportFilename": "mochawesome",
        "saveHtml": false,
        "saveJson": true,
        "consoleReporter": "spec",
        "useInlineDiffs": false,
        "code": true
      },
      "version": "6.2.2"
    },
    "marge": {
      "options": {
        "reportDir": "cypress/results/json",
        "overwrite": false,
        "html": false,
        "json": true
      },
      "version": "5.2.0"
    }
  }
}