{
  "stats": {
    "suites": 1,
    "tests": 3,
    "passes": 3,
    "pending": 0,
    "failures": 0,
    "start": "2021-03-01T12:14:38.634Z",
    "end": "2021-03-01T12:14:38.861Z",
    "duration": 227,
    "testsRegistered": 3,
    "passPercent": 100,
    "pendingPercent": 0,
    "other": 0,
    "hasOther": false,
    "skipped": 0,
    "hasSkipped": false
  },
  "results": [
    {
      "uuid": "d7c8b924-4682-4edb-9f7f-af9577b71c39",
      "title": "",
      "fullFile": "cypress\\integration\\readwritefile.spec.ts",
      "file": "cypress\\integration\\readwritefile.spec.ts",
      "beforeHooks": [],
      "afterHooks": [],
      "tests": [],
      "suites": [
        {
          "uuid": "c5b6faed-9811-4ccf-8bb0-d5742557e235",
          "title": "read write file tests",
          "fullFile": "",
          "file": "",
          "beforeHooks": [],
          "afterHooks": [],
          "tests": [
            {
              "title": "read file using fixture",
              "fullTitle": "read write file tests read file using fixture",
              "timedOut": null,
              "duration": 97,
              "state": "passed",
              "speed": "slow",
              "pass": true,
              "fail": false,
              "pending": false,
              "context": null,
              "code": "cy.fixture('example.json')\n    .its('name').should('eq', 'cypress');\ncy.log(this.data.name);\ncy.log(this.data.email);",
              "err": {},
              "uuid": "e951a065-a888-46a3-b683-e89df28d69ac",
              "parentUUID": "c5b6faed-9811-4ccf-8bb0-d5742557e235",
              "isHook": false,
              "skipped": false
            },
            {
              "title": "read file",
              "fullTitle": "read write file tests read file",
              "timedOut": null,
              "duration": 30,
              "state": "passed",
              "speed": "fast",
              "pass": true,
              "fail": false,
              "pending": false,
              "context": null,
              "code": "cy.readFile('./cypress/fixtures/example.json')\n    .its('name').should('eq', 'cypress');",
              "err": {},
              "uuid": "eb2e2bbb-b709-43bc-933f-8b143a6c7885",
              "parentUUID": "c5b6faed-9811-4ccf-8bb0-d5742557e235",
              "isHook": false,
              "skipped": false
            },
            {
              "title": "write file",
              "fullTitle": "read write file tests write file",
              "timedOut": null,
              "duration": 62,
              "state": "passed",
              "speed": "medium",
              "pass": true,
              "fail": false,
              "pending": false,
              "context": null,
              "code": "cy.writeFile('sample.txt', 'Hello, we are learning cypress');\ncy.writeFile('sample.txt', '\\nHi, I am Raghav', { flag: 'a+' });\ncy.readFile('sample.txt').should('contain', 'cypress');",
              "err": {},
              "uuid": "81baaa4f-e656-4e34-9fb1-186328a43314",
              "parentUUID": "c5b6faed-9811-4ccf-8bb0-d5742557e235",
              "isHook": false,
              "skipped": false
            }
          ],
          "suites": [],
          "passes": [
            "e951a065-a888-46a3-b683-e89df28d69ac",
            "eb2e2bbb-b709-43bc-933f-8b143a6c7885",
            "81baaa4f-e656-4e34-9fb1-186328a43314"
          ],
          "failures": [],
          "pending": [],
          "skipped": [],
          "duration": 189,
          "root": false,
          "rootEmpty": false,
          "_timeout": 2000
        }
      ],
      "passes": [],
      "failures": [],
      "pending": [],
      "skipped": [],
      "duration": 0,
      "root": true,
      "rootEmpty": true,
      "_timeout": 2000
    }
  ],
  "meta": {
    "mocha": {
      "version": "7.0.1"
    },
    "mochawesome": {
      "options": {
        "quiet": false,
        "reportFilename": "mochawesome",
        "saveHtml": false,
        "saveJson": true,
        "consoleReporter": "spec",
        "useInlineDiffs": false,
        "code": true
      },
      "version": "6.2.2"
    },
    "marge": {
      "options": {
        "reportDir": "cypress/results/json",
        "overwrite": false,
        "html": false,
        "json": true
      },
      "version": "5.2.0"
    }
  }
}