{
  "stats": {
    "suites": 1,
    "tests": 1,
    "passes": 1,
    "pending": 0,
    "failures": 0,
    "start": "2021-02-28T16:07:48.607Z",
    "end": "2021-02-28T16:07:48.781Z",
    "duration": 174,
    "testsRegistered": 1,
    "passPercent": 100,
    "pendingPercent": 0,
    "other": 0,
    "hasOther": false,
    "skipped": 0,
    "hasSkipped": false
  },
  "results": [
    {
      "uuid": "14df70c1-54b8-4e2f-835f-d4afa3119605",
      "title": "",
      "fullFile": "cypress\\integration\\filedownload.spec.ts",
      "file": "cypress\\integration\\filedownload.spec.ts",
      "beforeHooks": [],
      "afterHooks": [],
      "tests": [],
      "suites": [
        {
          "uuid": "c8434395-31a5-473e-9e64-74f6963b5481",
          "title": "file download tests",
          "fullFile": "",
          "file": "",
          "beforeHooks": [],
          "afterHooks": [],
          "tests": [
            {
              "title": "file download demo",
              "fullTitle": "file download tests file download demo",
              "timedOut": null,
              "duration": 151,
              "state": "passed",
              "speed": "slow",
              "pass": true,
              "fail": false,
              "pending": false,
              "context": null,
              "code": "cy.downloadFile('https://upload.wikimedia.org/wikipedia/en/a/a9/Example.jpg', 'mydownloads', 'sample.jpg');",
              "err": {},
              "uuid": "16a59a1b-2f9d-44f0-9ec4-8f6a0c19f038",
              "parentUUID": "c8434395-31a5-473e-9e64-74f6963b5481",
              "isHook": false,
              "skipped": false
            }
          ],
          "suites": [],
          "passes": [
            "16a59a1b-2f9d-44f0-9ec4-8f6a0c19f038"
          ],
          "failures": [],
          "pending": [],
          "skipped": [],
          "duration": 151,
          "root": false,
          "rootEmpty": false,
          "_timeout": 2000
        }
      ],
      "passes": [],
      "failures": [],
      "pending": [],
      "skipped": [],
      "duration": 0,
      "root": true,
      "rootEmpty": true,
      "_timeout": 2000
    }
  ],
  "meta": {
    "mocha": {
      "version": "7.0.1"
    },
    "mochawesome": {
      "options": {
        "quiet": false,
        "reportFilename": "mochawesome",
        "saveHtml": false,
        "saveJson": true,
        "consoleReporter": "spec",
        "useInlineDiffs": false,
        "code": true
      },
      "version": "6.2.2"
    },
    "marge": {
      "options": {
        "reportDir": "cypress/results/json",
        "overwrite": false,
        "html": false,
        "json": true
      },
      "version": "5.2.0"
    }
  }
}