{
  "stats": {
    "suites": 1,
    "tests": 1,
    "passes": 1,
    "pending": 0,
    "failures": 0,
    "start": "2021-02-28T16:07:58.904Z",
    "end": "2021-02-28T16:08:08.464Z",
    "duration": 9560,
    "testsRegistered": 1,
    "passPercent": 100,
    "pendingPercent": 0,
    "other": 0,
    "hasOther": false,
    "skipped": 0,
    "hasSkipped": false
  },
  "results": [
    {
      "uuid": "2c4c0ccf-cd51-4430-9a8d-2c7817f5bafe",
      "title": "",
      "fullFile": "cypress\\integration\\fileupload.spec.ts",
      "file": "cypress\\integration\\fileupload.spec.ts",
      "beforeHooks": [],
      "afterHooks": [],
      "tests": [],
      "suites": [
        {
          "uuid": "1e8d99d8-30b2-4404-bdfc-2eae6105f788",
          "title": "file upload tests",
          "fullFile": "",
          "file": "",
          "beforeHooks": [],
          "afterHooks": [],
          "tests": [
            {
              "title": "file upload demo",
              "fullTitle": "file upload tests file upload demo",
              "timedOut": null,
              "duration": 1382,
              "state": "passed",
              "speed": "slow",
              "pass": true,
              "fail": false,
              "pending": false,
              "context": null,
              "code": "cy.visit('https://filebin.net/');\ncy.get('[id=\"fileField\"]').attachFile('photo.png');",
              "err": {},
              "uuid": "7d16d74d-9f73-4786-b65f-99890d792c27",
              "parentUUID": "1e8d99d8-30b2-4404-bdfc-2eae6105f788",
              "isHook": false,
              "skipped": false
            }
          ],
          "suites": [],
          "passes": [
            "7d16d74d-9f73-4786-b65f-99890d792c27"
          ],
          "failures": [],
          "pending": [],
          "skipped": [],
          "duration": 1382,
          "root": false,
          "rootEmpty": false,
          "_timeout": 2000
        }
      ],
      "passes": [],
      "failures": [],
      "pending": [],
      "skipped": [],
      "duration": 0,
      "root": true,
      "rootEmpty": true,
      "_timeout": 2000
    }
  ],
  "meta": {
    "mocha": {
      "version": "7.0.1"
    },
    "mochawesome": {
      "options": {
        "quiet": false,
        "reportFilename": "mochawesome",
        "saveHtml": false,
        "saveJson": true,
        "consoleReporter": "spec",
        "useInlineDiffs": false,
        "code": true
      },
      "version": "6.2.2"
    },
    "marge": {
      "options": {
        "reportDir": "cypress/results/json",
        "overwrite": false,
        "html": false,
        "json": true
      },
      "version": "5.2.0"
    }
  }
}